Pessoas que possuem dupla matrícula:
 JOSE ROBERTO RIBEIRO                       
 VILMA CLORIS DE CARVALHO                   
 WILSON CANO                                
 RAUL THOMAZ OLIVEIRA DO VALLE              
 JOAO PEDRO CAUSO NETO                      
 MARCO ANTONIO DE OLIVEIRA                  
 EDGARD DAL MOLIN JUNIOR                    
 CARLOS EDUARDO PEREIRA                     
 ANA LOURDES NEVES GANDARA                  
 TERESA HELENA PORTELA FREIRE DE CARVALHO   
 JOAO ROBERTO BOCCATO                       
 JOSE TADEU JORGE                           
 ALVARO PENTEADO CROSTA                     
 PAULO CESAR MONTAGNER                      
 LUIS ALBERTO MAGNA                         
 GLAUCIA MARIA PASTORE                      
 TERESA DIB ZAMBON ATVARS                   
 JOAO FREDERICO DA COSTA AZEVEDO MEYER      
 OSVALDIR PEREIRA TARANTO                   
 RACHEL MENEGUELLO                          
Funcionários na folha de pagamento: 5431
Funcionários com super-salários (acima de R$21.613,05): 1035 (19.1%)
Excedente dos super-salários: R$4674703.12/mês | R$56096437.44/ano
